<?xml version="1.0" encoding="UTF-8"?>
<!-- Generated by org.testng.reporters.JUnitReportReporter -->
<testsuite name="com.smoke.test.agileHatsProject.agileHatsSmokeTest" tests="1" time="11.735" ignored="0" failures="0" timestamp="25 Jan 2017 18:08:51 GMT" skipped="0" hostname="anita-X550LD" errors="0">
  <testcase name="Test" time="11.735" classname="com.smoke.test.agileHatsProject.agileHatsSmokeTest"/>
</testsuite> <!-- com.smoke.test.agileHatsProject.agileHatsSmokeTest -->
